<?xml version="1.0" encoding="UTF-8"?>
<testsuite name="fer.hr.webscraper.WebScraperApplicationTests" tests="1" skipped="0" failures="0" errors="0" timestamp="2025-01-19T17:04:41" hostname="DESKTOP-A1M726D" time="0.674">
  <properties/>
  <testcase name="contextLoads()" classname="fer.hr.webscraper.WebScraperApplicationTests" time="0.674"/>
  <system-out><![CDATA[18:04:40.293 [Test worker] INFO org.springframework.test.context.support.AnnotationConfigContextLoaderUtils -- Could not detect default configuration classes for test class [fer.hr.webscraper.WebScraperApplicationTests]: WebScraperApplicationTests does not declare any static, non-private, non-final, nested classes annotated with @Configuration.
18:04:40.390 [Test worker] INFO org.springframework.boot.test.context.SpringBootTestContextBootstrapper -- Found @SpringBootConfiguration fer.hr.webscraper.WebScraperApplication for test class fer.hr.webscraper.WebScraperApplicationTests

  .   ____          _            __ _ _
 /\\ / ___'_ __ _ _(_)_ __  __ _ \ \ \ \
( ( )\___ | '_ | '_| | '_ \/ _` | \ \ \ \
 \\/  ___)| |_)| | | | | || (_| |  ) ) ) )
  '  |____| .__|_| |_|_| |_\__, | / / / /
 =========|_|==============|___/=/_/_/_/

 :: Spring Boot ::                (v3.3.5)

2025-01-19T18:04:40.723+01:00  INFO 21772 --- [WebScraper] [    Test worker] f.h.w.WebScraperApplicationTests         : Starting WebScraperApplicationTests using Java 21.0.1 with PID 21772 (started by Luka in C:\Users\Luka\IdeaProjects\WebScraper)
2025-01-19T18:04:40.724+01:00  INFO 21772 --- [WebScraper] [    Test worker] f.h.w.WebScraperApplicationTests         : No active profile set, falling back to 1 default profile: "default"
2025-01-19T18:04:41.452+01:00  INFO 21772 --- [WebScraper] [    Test worker] o.s.b.a.w.s.WelcomePageHandlerMapping    : Adding welcome page template: index
2025-01-19T18:04:41.710+01:00  INFO 21772 --- [WebScraper] [    Test worker] f.h.w.WebScraperApplicationTests         : Started WebScraperApplicationTests in 1.187 seconds (process running for 3.677)
]]></system-out>
  <system-err><![CDATA[WARNING: A Java agent has been loaded dynamically (C:\Users\Luka\.gradle\caches\modules-2\files-2.1\net.bytebuddy\byte-buddy-agent\1.14.19\154da3a65b4f4a909d3e5bdec55d1b2b4cbb6ce1\byte-buddy-agent-1.14.19.jar)
WARNING: If a serviceability tool is in use, please run with -XX:+EnableDynamicAgentLoading to hide this warning
WARNING: If a serviceability tool is not in use, please run with -Djdk.instrument.traceUsage for more information
WARNING: Dynamic loading of agents will be disallowed by default in a future release
]]></system-err>
</testsuite>
