<?xml version="1.0" encoding="UTF-8"?>
<testsuite name="fer.hr.webscraper.WebScraperApplicationTests" tests="1" skipped="0" failures="0" errors="0" timestamp="2024-12-06T15:36:44" hostname="DESKTOP-A1M726D" time="0.628">
  <properties/>
  <testcase name="contextLoads()" classname="fer.hr.webscraper.WebScraperApplicationTests" time="0.628"/>
  <system-out><![CDATA[16:36:42.869 [Test worker] INFO org.springframework.test.context.support.AnnotationConfigContextLoaderUtils -- Could not detect default configuration classes for test class [fer.hr.webscraper.WebScraperApplicationTests]: WebScraperApplicationTests does not declare any static, non-private, non-final, nested classes annotated with @Configuration.
16:36:42.955 [Test worker] INFO org.springframework.boot.test.context.SpringBootTestContextBootstrapper -- Found @SpringBootConfiguration fer.hr.webscraper.WebScraperApplication for test class fer.hr.webscraper.WebScraperApplicationTests

  .   ____          _            __ _ _
 /\\ / ___'_ __ _ _(_)_ __  __ _ \ \ \ \
( ( )\___ | '_ | '_| | '_ \/ _` | \ \ \ \
 \\/  ___)| |_)| | | | | || (_| |  ) ) ) )
  '  |____| .__|_| |_|_| |_\__, | / / / /
 =========|_|==============|___/=/_/_/_/

 :: Spring Boot ::                (v3.3.5)

2024-12-06T16:36:43.270+01:00  INFO 9984 --- [WebScraper] [    Test worker] f.h.w.WebScraperApplicationTests         : Starting WebScraperApplicationTests using Java 21.0.1 with PID 9984 (started by Luka in C:\Users\Luka\IdeaProjects\WebScraper)
2024-12-06T16:36:43.271+01:00  INFO 9984 --- [WebScraper] [    Test worker] f.h.w.WebScraperApplicationTests         : No active profile set, falling back to 1 default profile: "default"
2024-12-06T16:36:43.941+01:00  INFO 9984 --- [WebScraper] [    Test worker] o.s.b.a.w.s.WelcomePageHandlerMapping    : Adding welcome page template: index
2024-12-06T16:36:44.184+01:00  INFO 9984 --- [WebScraper] [    Test worker] f.h.w.WebScraperApplicationTests         : Started WebScraperApplicationTests in 1.106 seconds (process running for 2.063)
]]></system-out>
  <system-err><![CDATA[WARNING: A Java agent has been loaded dynamically (C:\Users\Luka\.gradle\caches\modules-2\files-2.1\net.bytebuddy\byte-buddy-agent\1.14.19\154da3a65b4f4a909d3e5bdec55d1b2b4cbb6ce1\byte-buddy-agent-1.14.19.jar)
WARNING: If a serviceability tool is in use, please run with -XX:+EnableDynamicAgentLoading to hide this warning
WARNING: If a serviceability tool is not in use, please run with -Djdk.instrument.traceUsage for more information
WARNING: Dynamic loading of agents will be disallowed by default in a future release
]]></system-err>
</testsuite>
